[debug] [2021-12-24T18:00:41.647Z] ----------------------------------------------------------------------
[debug] [2021-12-24T18:00:41.648Z] Command:       /usr/local/bin/node /usr/local/bin/firebase init
[debug] [2021-12-24T18:00:41.648Z] CLI Version:   10.0.1
[debug] [2021-12-24T18:00:41.648Z] Platform:      darwin
[debug] [2021-12-24T18:00:41.648Z] Node Version:  v16.13.0
[debug] [2021-12-24T18:00:41.649Z] Time:          Fri Dec 24 2021 13:00:41 GMT-0500 (Eastern Standard Time)
[debug] [2021-12-24T18:00:41.649Z] ----------------------------------------------------------------------
[debug] 
[debug] [2021-12-24T18:00:41.652Z] > command requires scopes: ["email","openid","https://www.googleapis.com/auth/cloudplatformprojects.readonly","https://www.googleapis.com/auth/firebase","https://www.googleapis.com/auth/cloud-platform"]
[debug] [2021-12-24T18:00:41.652Z] > authorizing via signed-in user (bilalchoudhary03@gmail.com)
[info] 
     ######## #### ########  ######## ########     ###     ######  ########
     ##        ##  ##     ## ##       ##     ##  ##   ##  ##       ##
     ######    ##  ########  ######   ########  #########  ######  ######
     ##        ##  ##    ##  ##       ##     ## ##     ##       ## ##
     ##       #### ##     ## ######## ########  ##     ##  ######  ########

You're about to initialize a Firebase project in this directory:

  /Users/bilalchoudhary/Documents/nasheedify

[info] 
=== Project Setup
[info] 
[info] First, let's associate this project directory with a Firebase project.
[info] You can create multiple project aliases by running firebase use --add, 
[info] but for now we'll just set up a default project.
[info] 
[debug] [2021-12-24T18:01:08.318Z] >>> [apiv2][query] GET https://firebase.googleapis.com/v1beta1/projects pageSize=100
[debug] [2021-12-24T18:01:08.894Z] <<< [apiv2][status] GET https://firebase.googleapis.com/v1beta1/projects 200
[debug] [2021-12-24T18:01:08.894Z] <<< [apiv2][body] GET https://firebase.googleapis.com/v1beta1/projects [omitted]
